<?xml version="1.0" encoding="UTF-8"?>
<robot generator="Robot 6.0.2 (Python 3.11.2 on darwin)" generated="20230301 14:41:07.686" rpa="false" schemaversion="3">
<suite id="s1" name="Tc4" source="/Users/erikadelagarcia/Desktop/robot/RobotFramework/RobotFramework/RobotFramework/tc4.robot">
<test id="s1-t1" name="Test" line="20">
<kw name="Open Google">
<arg>${URL}</arg>
<arg>${BROWSER}</arg>
<kw name="Open Browser" library="Selenium2Library">
<arg>${appURL}</arg>
<arg>${appBROWSER}</arg>
<doc>Opens a new browser instance to the optional ``url``.</doc>
<msg timestamp="20230301 14:41:07.760" level="INFO">Opening browser 'chrome' to base url 'http://www.google.com'.</msg>
<status status="PASS" starttime="20230301 14:41:07.759" endtime="20230301 14:41:10.489"/>
</kw>
<kw name="Wait Until Page Contains" library="Selenium2Library">
<arg>Google</arg>
<doc>Waits until ``text`` appears on the current page.</doc>
<status status="PASS" starttime="20230301 14:41:10.489" endtime="20230301 14:41:10.498"/>
</kw>
<status status="PASS" starttime="20230301 14:41:07.759" endtime="20230301 14:41:10.498"/>
</kw>
<status status="PASS" starttime="20230301 14:41:07.759" endtime="20230301 14:41:10.498"/>
</test>
<status status="PASS" starttime="20230301 14:41:07.686" endtime="20230301 14:41:10.499"/>
</suite>
<statistics>
<total>
<stat pass="1" fail="0" skip="0">All Tests</stat>
</total>
<tag>
</tag>
<suite>
<stat pass="1" fail="0" skip="0" id="s1" name="Tc4">Tc4</stat>
</suite>
</statistics>
<errors>
</errors>
</robot>
